Build started 2016-02-10 15:21:05.
     1>Project "F:\3DProgrammering\GITREP\Game-Engine\Demo.vcxproj" on node 2 (Build target(s)).
     1>FxCompile:
         C:\Program Files (x86)\Windows Kits\8.1\bin\x86\fxc.exe /nologo /E"PS_main" /Fo "F:\3DProgrammering\GITREP\Game-Engine\Debug\Fragment.cso" /Od /Zi Fragment.hlsl 
     1>F:\3DProgrammering\GITREP\Game-Engine\Fragment.hlsl(14,13-50): warning X3206: 'Sample': implicit truncation of vector type
     1>F:\3DProgrammering\GITREP\Game-Engine\Fragment.hlsl(11,14-28): error X3503: 'PS_main': function return value missing semantics
         
         compilation failed; no code produced
     1>Done Building Project "F:\3DProgrammering\GITREP\Game-Engine\Demo.vcxproj" (Build target(s)) -- FAILED.

Build FAILED.

Time Elapsed 00:00:00.23
